C:\USERS\ADMINISTRATOR\DOCUMENTS\VISUAL STUDIO 2010\PROJECTS\MATRIXSCREEN\DEBUG\MATRIXSCREEN.ILK
C:\USERS\ADMINISTRATOR\DOCUMENTS\VISUAL STUDIO 2010\PROJECTS\MATRIXSCREEN\DEBUG\MATRIXSCREEN.PDB
C:\USERS\ADMINISTRATOR\DOCUMENTS\VISUAL STUDIO 2010\PROJECTS\MATRIXSCREEN\DEBUG\MATRIXSCREEN.SCR
c:\Users\administrator\documents\visual studio 2010\Projects\MatrixScreen\MatrixScreen\Debug\cl.command.1.tlog
c:\Users\administrator\documents\visual studio 2010\Projects\MatrixScreen\MatrixScreen\Debug\CL.read.1.tlog
c:\Users\administrator\documents\visual studio 2010\Projects\MatrixScreen\MatrixScreen\Debug\CL.write.1.tlog
c:\Users\administrator\documents\visual studio 2010\Projects\MatrixScreen\MatrixScreen\Debug\link.command.1.tlog
c:\Users\administrator\documents\visual studio 2010\Projects\MatrixScreen\MatrixScreen\Debug\link.read.1.tlog
c:\Users\administrator\documents\visual studio 2010\Projects\MatrixScreen\MatrixScreen\Debug\link.write.1.tlog
c:\Users\administrator\documents\visual studio 2010\Projects\MatrixScreen\MatrixScreen\Debug\link-cvtres.read.1.tlog
c:\Users\administrator\documents\visual studio 2010\Projects\MatrixScreen\MatrixScreen\Debug\link-cvtres.write.1.tlog
C:\USERS\ADMINISTRATOR\DOCUMENTS\VISUAL STUDIO 2010\PROJECTS\MATRIXSCREEN\MATRIXSCREEN\DEBUG\MATRIXSCREEN.SCR.EMBED.MANIFEST
C:\USERS\ADMINISTRATOR\DOCUMENTS\VISUAL STUDIO 2010\PROJECTS\MATRIXSCREEN\MATRIXSCREEN\DEBUG\MATRIXSCREEN.SCR.EMBED.MANIFEST.RES
C:\USERS\ADMINISTRATOR\DOCUMENTS\VISUAL STUDIO 2010\PROJECTS\MATRIXSCREEN\MATRIXSCREEN\DEBUG\MATRIXSCREEN.SCR.INTERMEDIATE.MANIFEST
c:\Users\administrator\documents\visual studio 2010\Projects\MatrixScreen\MatrixScreen\Debug\MatrixScreen.write.1.tlog
c:\Users\administrator\documents\visual studio 2010\Projects\MatrixScreen\MatrixScreen\Debug\MatrixScreen_manifest.rc
C:\USERS\ADMINISTRATOR\DOCUMENTS\VISUAL STUDIO 2010\PROJECTS\MATRIXSCREEN\MATRIXSCREEN\DEBUG\MATRIXSRENSAVER.OBJ
c:\Users\administrator\documents\visual studio 2010\Projects\MatrixScreen\MatrixScreen\Debug\mt.command.1.tlog
c:\Users\administrator\documents\visual studio 2010\Projects\MatrixScreen\MatrixScreen\Debug\mt.read.1.tlog
c:\Users\administrator\documents\visual studio 2010\Projects\MatrixScreen\MatrixScreen\Debug\mt.write.1.tlog
c:\Users\administrator\documents\visual studio 2010\Projects\MatrixScreen\MatrixScreen\Debug\rc.command.1.tlog
c:\Users\administrator\documents\visual studio 2010\Projects\MatrixScreen\MatrixScreen\Debug\rc.read.1.tlog
c:\Users\administrator\documents\visual studio 2010\Projects\MatrixScreen\MatrixScreen\Debug\rc.write.1.tlog
C:\USERS\ADMINISTRATOR\DOCUMENTS\VISUAL STUDIO 2010\PROJECTS\MATRIXSCREEN\MATRIXSCREEN\DEBUG\SCRENSAVER.RES
c:\Users\administrator\documents\visual studio 2010\Projects\MatrixScreen\MatrixScreen\Debug\vc100.idb
C:\USERS\ADMINISTRATOR\DOCUMENTS\VISUAL STUDIO 2010\PROJECTS\MATRIXSCREEN\MATRIXSCREEN\DEBUG\VC100.PDB
