生成启动时间为 2013/11/3 2:35:45。
     1>项目“c:\Users\administrator\documents\visual studio 2010\Projects\MatrixScreen\MatrixScreen\MatrixScreen.vcxproj”在节点 2 上(rebuild 个目标)。
     1>_PrepareForClean:
         正在删除文件“Debug\MatrixScreen.lastbuildstate”。
       InitializeBuildStatus:
         正在创建“Debug\MatrixScreen.unsuccessfulbuild”，因为已指定“AlwaysCreate”。
       ClCompile:
         C:\Program Files\Microsoft Visual Studio 10.0\VC\bin\CL.exe /c /ZI /nologo /W3 /WX- /Od /Oy- /D WIN32 /D _DEBUG /D _WINDOWS /D _MBCS /Gm /EHsc /RTC1 /MDd /GS /fp:precise /Zc:wchar_t /Zc:forScope /Fo"Debug\\" /Fd"Debug\vc100.pdb" /Gd /TP /analyze- /errorReport:prompt MatrixSrenSaver.cpp
         MatrixSrenSaver.cpp
     1>c:\users\administrator\documents\visual studio 2010\projects\matrixscreen\matrixscreen\matrixsrensaver.cpp(31): warning C4091: “typedef ”: 没有声明变量时忽略“infoWords”的左侧
     1>c:\users\administrator\documents\visual studio 2010\projects\matrixscreen\matrixscreen\matrixsrensaver.cpp(199): warning C4244: “参数”: 从“time_t”转换到“unsigned int”，可能丢失数据
       ResourceCompile:
         C:\Program Files\Microsoft SDKs\Windows\v7.0A\bin\rc.exe /l"0x0409" /nologo /fo"Debug\ScrenSaver.res" ScrenSaver.rc 
       ManifestResourceCompile:
         C:\Program Files\Microsoft SDKs\Windows\v7.0A\bin\rc.exe /nologo /fo"Debug\MatrixScreen.SCR.embed.manifest.res" Debug\MatrixScreen_manifest.rc 
       Link:
         C:\Program Files\Microsoft Visual Studio 10.0\VC\bin\link.exe /ERRORREPORT:PROMPT /OUT:"c:\users\administrator\documents\visual studio 2010\Projects\MatrixScreen\Debug\MatrixScreen.SCR" /INCREMENTAL /NOLOGO kernel32.lib user32.lib gdi32.lib winspool.lib comdlg32.lib advapi32.lib shell32.lib ole32.lib oleaut32.lib uuid.lib odbc32.lib odbccp32.lib /MANIFEST /ManifestFile:"Debug\MatrixScreen.SCR.intermediate.manifest" /MANIFESTUAC:"level='asInvoker' uiAccess='false'" /DEBUG /PDB:"c:\users\administrator\documents\visual studio 2010\Projects\MatrixScreen\Debug\MatrixScreen.pdb" /SUBSYSTEM:WINDOWS /TLBID:1 /DYNAMICBASE /NXCOMPAT /IMPLIB:"c:\users\administrator\documents\visual studio 2010\Projects\MatrixScreen\Debug\MatrixScreen.lib" /MACHINE:X86 Debug\ScrenSaver.res
         Debug\MatrixScreen.SCR.embed.manifest.res
         Debug\MatrixSrenSaver.obj
       Manifest:
         正在删除文件“Debug\MatrixScreen.SCR.embed.manifest”。
         C:\Program Files\Microsoft SDKs\Windows\v7.0A\bin\mt.exe /nologo /verbose /out:"Debug\MatrixScreen.SCR.embed.manifest" /manifest Debug\MatrixScreen.SCR.intermediate.manifest
         C:\Program Files\Microsoft SDKs\Windows\v7.0A\bin\rc.exe /nologo /fo"Debug\MatrixScreen.SCR.embed.manifest.res" Debug\MatrixScreen_manifest.rc 
       LinkEmbedManifest:
         C:\Program Files\Microsoft Visual Studio 10.0\VC\bin\link.exe /ERRORREPORT:PROMPT /OUT:"c:\users\administrator\documents\visual studio 2010\Projects\MatrixScreen\Debug\MatrixScreen.SCR" /INCREMENTAL /NOLOGO kernel32.lib user32.lib gdi32.lib winspool.lib comdlg32.lib advapi32.lib shell32.lib ole32.lib oleaut32.lib uuid.lib odbc32.lib odbccp32.lib /MANIFEST /ManifestFile:"Debug\MatrixScreen.SCR.intermediate.manifest" /MANIFESTUAC:"level='asInvoker' uiAccess='false'" /DEBUG /PDB:"c:\users\administrator\documents\visual studio 2010\Projects\MatrixScreen\Debug\MatrixScreen.pdb" /SUBSYSTEM:WINDOWS /TLBID:1 /DYNAMICBASE /NXCOMPAT /IMPLIB:"c:\users\administrator\documents\visual studio 2010\Projects\MatrixScreen\Debug\MatrixScreen.lib" /MACHINE:X86 Debug\ScrenSaver.res
         Debug\MatrixScreen.SCR.embed.manifest.res
         Debug\MatrixSrenSaver.obj
         MatrixScreen.vcxproj -> c:\users\administrator\documents\visual studio 2010\Projects\MatrixScreen\Debug\MatrixScreen.SCR
       FinalizeBuildStatus:
         正在删除文件“Debug\MatrixScreen.unsuccessfulbuild”。
         正在对“Debug\MatrixScreen.lastbuildstate”执行 Touch 任务。
     1>已完成生成项目“c:\Users\administrator\documents\visual studio 2010\Projects\MatrixScreen\MatrixScreen\MatrixScreen.vcxproj”(rebuild 个目标)的操作。

生成成功。

已用时间 00:00:03.52
