C:\Users\Administrator\Documents\Visual Studio 2010\Projects\MatrixScreen\MatrixScreen\Release\cl.command.1.tlog
C:\Users\Administrator\Documents\Visual Studio 2010\Projects\MatrixScreen\MatrixScreen\Release\CL.read.1.tlog
C:\Users\Administrator\Documents\Visual Studio 2010\Projects\MatrixScreen\MatrixScreen\Release\CL.write.1.tlog
C:\Users\Administrator\Documents\Visual Studio 2010\Projects\MatrixScreen\MatrixScreen\Release\link.command.1.tlog
C:\Users\Administrator\Documents\Visual Studio 2010\Projects\MatrixScreen\MatrixScreen\Release\link.read.1.tlog
C:\Users\Administrator\Documents\Visual Studio 2010\Projects\MatrixScreen\MatrixScreen\Release\link.write.1.tlog
C:\Users\Administrator\Documents\Visual Studio 2010\Projects\MatrixScreen\MatrixScreen\Release\link-cvtres.read.1.tlog
C:\Users\Administrator\Documents\Visual Studio 2010\Projects\MatrixScreen\MatrixScreen\Release\link-cvtres.write.1.tlog
C:\USERS\ADMINISTRATOR\DOCUMENTS\VISUAL STUDIO 2010\PROJECTS\MATRIXSCREEN\MATRIXSCREEN\RELEASE\MATRIXSCREEN.SCR.INTERMEDIATE.MANIFEST
C:\Users\Administrator\Documents\Visual Studio 2010\Projects\MatrixScreen\MatrixScreen\Release\MatrixScreen.write.1.tlog
C:\USERS\ADMINISTRATOR\DOCUMENTS\VISUAL STUDIO 2010\PROJECTS\MATRIXSCREEN\MATRIXSCREEN\RELEASE\MATRIXSRENSAVER.OBJ
C:\Users\Administrator\Documents\Visual Studio 2010\Projects\MatrixScreen\MatrixScreen\Release\mt.command.1.tlog
C:\Users\Administrator\Documents\Visual Studio 2010\Projects\MatrixScreen\MatrixScreen\Release\mt.read.1.tlog
C:\Users\Administrator\Documents\Visual Studio 2010\Projects\MatrixScreen\MatrixScreen\Release\mt.write.1.tlog
C:\Users\Administrator\Documents\Visual Studio 2010\Projects\MatrixScreen\MatrixScreen\Release\rc.command.1.tlog
C:\Users\Administrator\Documents\Visual Studio 2010\Projects\MatrixScreen\MatrixScreen\Release\rc.read.1.tlog
C:\Users\Administrator\Documents\Visual Studio 2010\Projects\MatrixScreen\MatrixScreen\Release\rc.write.1.tlog
C:\USERS\ADMINISTRATOR\DOCUMENTS\VISUAL STUDIO 2010\PROJECTS\MATRIXSCREEN\MATRIXSCREEN\RELEASE\SCRENSAVER.RES
C:\USERS\ADMINISTRATOR\DOCUMENTS\VISUAL STUDIO 2010\PROJECTS\MATRIXSCREEN\MATRIXSCREEN\RELEASE\VC100.PDB
C:\USERS\ADMINISTRATOR\DOCUMENTS\VISUAL STUDIO 2010\PROJECTS\MATRIXSCREEN\RELEASE\MATRIXSCREEN.PDB
C:\USERS\ADMINISTRATOR\DOCUMENTS\VISUAL STUDIO 2010\PROJECTS\MATRIXSCREEN\RELEASE\MATRIXSCREEN.SCR
